<?xml version="1.0" encoding="UTF-8"?>
<!-- Generated by org.testng.reporters.JUnitReportReporter -->
<testsuite hostname="iTD-388" failures="0" tests="1" name="ama.testScripts.Login" time="3.836" errors="0" timestamp="04 Jan 2023 06:09:15 GMT" skipped="0">
  <testcase classname="ama.testScripts.Login" name="logintoAmazon" time="3.836"/>
</testsuite> <!-- ama.testScripts.Login -->
